<?xml version="1.0" encoding="UTF-8"?>
<!-- Generated by org.testng.reporters.JUnitReportReporter -->
<testsuite name="com.qainfotech.tap.training.snl.api.NewTest" tests="7" time="0.089" ignored="0" failures="0" timestamp="22 Jun 2018 06:06:55 GMT" skipped="0" hostname="asda1704po02529" errors="2">
  <testcase name="checkMaxPlayerLimit" time="0.037" classname="com.qainfotech.tap.training.snl.api.NewTest"/>
  <testcase name="playingUserShouldBeAbleToQuitTheGame" time="0.008" classname="com.qainfotech.tap.training.snl.api.NewTest">
    <error type="org.json.JSONException" message="JSONObject[&quot;uuid&quot;] not a string.">
      <![CDATA[org.json.JSONException: JSONObject["uuid"] not a string.
	at org.json.JSONObject.getString(JSONObject.java:721)
	at com.qainfotech.tap.training.snl.api.Board.deletePlayer(Board.java:103)
	at com.qainfotech.tap.training.snl.api.ManagePlayer.deletePlayer(ManagePlayer.java:26)
	at com.qainfotech.tap.training.snl.api.NewTest.playingUserShouldBeAbleToQuitTheGame(NewTest.java:100)
	at sun.reflect.NativeMethodAccessorImpl.invoke0(Native Method)
	at sun.reflect.NativeMethodAccessorImpl.invoke(NativeMethodAccessorImpl.java:62)
	at sun.reflect.DelegatingMethodAccessorImpl.invoke(DelegatingMethodAccessorImpl.java:43)
	at java.lang.reflect.Method.invoke(Method.java:498)
	at org.testng.internal.MethodInvocationHelper.invokeMethod(MethodInvocationHelper.java:104)
	at org.testng.internal.Invoker.invokeMethod(Invoker.java:645)
	at org.testng.internal.Invoker.invokeTestMethod(Invoker.java:851)
	at org.testng.internal.Invoker.invokeTestMethods(Invoker.java:1177)
	at org.testng.internal.TestMethodWorker.invokeTestMethods(TestMethodWorker.java:129)
	at org.testng.internal.TestMethodWorker.run(TestMethodWorker.java:112)
	at org.testng.TestRunner.privateRun(TestRunner.java:756)
	at org.testng.TestRunner.run(TestRunner.java:610)
	at org.testng.SuiteRunner.runTest(SuiteRunner.java:387)
	at org.testng.SuiteRunner.runSequentially(SuiteRunner.java:382)
	at org.testng.SuiteRunner.privateRun(SuiteRunner.java:340)
	at org.testng.SuiteRunner.run(SuiteRunner.java:289)
	at org.testng.SuiteRunnerWorker.runSuite(SuiteRunnerWorker.java:52)
	at org.testng.SuiteRunnerWorker.run(SuiteRunnerWorker.java:86)
	at org.testng.TestNG.runSuitesSequentially(TestNG.java:1293)
	at org.testng.TestNG.runSuitesLocally(TestNG.java:1218)
	at org.testng.TestNG.runSuites(TestNG.java:1133)
	at org.testng.TestNG.run(TestNG.java:1104)
	at org.testng.remote.AbstractRemoteTestNG.run(AbstractRemoteTestNG.java:114)
	at org.testng.remote.RemoteTestNG.initAndRun(RemoteTestNG.java:251)
	at org.testng.remote.RemoteTestNG.main(RemoteTestNG.java:77)
]]>
    </error>
  </testcase> <!-- playingUserShouldBeAbleToQuitTheGame -->
  <testcase name="nonExistingPlayerShouldNotRollDice" time="0.006" classname="com.qainfotech.tap.training.snl.api.NewTest"/>
  <testcase name="wrongTurnPlayerRollingDice" time="0.006" classname="com.qainfotech.tap.training.snl.api.NewTest"/>
  <testcase name="registeringPlayerWithExistingNameShouldNotWork" time="0.006" classname="com.qainfotech.tap.training.snl.api.NewTest"/>
  <testcase name="deleteNotExistingUser" time="0.009" classname="com.qainfotech.tap.training.snl.api.NewTest">
    <error type="org.json.JSONException" message="JSONObject[&quot;uuid&quot;] not a string.">
      <![CDATA[org.json.JSONException: JSONObject["uuid"] not a string.
	at org.json.JSONObject.getString(JSONObject.java:721)
	at com.qainfotech.tap.training.snl.api.Board.deletePlayer(Board.java:103)
	at com.qainfotech.tap.training.snl.api.ManagePlayer.deletePlayer(ManagePlayer.java:26)
	at com.qainfotech.tap.training.snl.api.NewTest.deleteNotExistingUser(NewTest.java:73)
	at sun.reflect.NativeMethodAccessorImpl.invoke0(Native Method)
	at sun.reflect.NativeMethodAccessorImpl.invoke(NativeMethodAccessorImpl.java:62)
	at sun.reflect.DelegatingMethodAccessorImpl.invoke(DelegatingMethodAccessorImpl.java:43)
	at java.lang.reflect.Method.invoke(Method.java:498)
	at org.testng.internal.MethodInvocationHelper.invokeMethod(MethodInvocationHelper.java:104)
	at org.testng.internal.Invoker.invokeMethod(Invoker.java:645)
	at org.testng.internal.Invoker.invokeTestMethod(Invoker.java:851)
	at org.testng.internal.Invoker.invokeTestMethods(Invoker.java:1177)
	at org.testng.internal.TestMethodWorker.invokeTestMethods(TestMethodWorker.java:129)
	at org.testng.internal.TestMethodWorker.run(TestMethodWorker.java:112)
	at org.testng.TestRunner.privateRun(TestRunner.java:756)
	at org.testng.TestRunner.run(TestRunner.java:610)
	at org.testng.SuiteRunner.runTest(SuiteRunner.java:387)
	at org.testng.SuiteRunner.runSequentially(SuiteRunner.java:382)
	at org.testng.SuiteRunner.privateRun(SuiteRunner.java:340)
	at org.testng.SuiteRunner.run(SuiteRunner.java:289)
	at org.testng.SuiteRunnerWorker.runSuite(SuiteRunnerWorker.java:52)
	at org.testng.SuiteRunnerWorker.run(SuiteRunnerWorker.java:86)
	at org.testng.TestNG.runSuitesSequentially(TestNG.java:1293)
	at org.testng.TestNG.runSuitesLocally(TestNG.java:1218)
	at org.testng.TestNG.runSuites(TestNG.java:1133)
	at org.testng.TestNG.run(TestNG.java:1104)
	at org.testng.remote.AbstractRemoteTestNG.run(AbstractRemoteTestNG.java:114)
	at org.testng.remote.RemoteTestNG.initAndRun(RemoteTestNG.java:251)
	at org.testng.remote.RemoteTestNG.main(RemoteTestNG.java:77)
]]>
    </error>
  </testcase> <!-- deleteNotExistingUser -->
  <testcase name="registerDuringGameInProgress" time="0.017" classname="com.qainfotech.tap.training.snl.api.NewTest"/>
</testsuite> <!-- com.qainfotech.tap.training.snl.api.NewTest -->
