<?xml version="1.0" encoding="UTF-8"?>
<!-- Generated by org.testng.reporters.JUnitReportReporter -->
<testsuite name="com.qainfotech.tap.training.snl.api.NewTest" tests="4" time="0.062" ignored="0" failures="0" timestamp="20 Jun 2018 12:40:02 GMT" skipped="0" hostname="asda1704po02529" errors="1">
  <testcase name="playNonExistingPlayer" time="0.007" classname="com.qainfotech.tap.training.snl.api.NewTest"/>
  <testcase name="registeringPlayerWithExistingNameShouldNotWork" time="0.012" classname="com.qainfotech.tap.training.snl.api.NewTest"/>
  <testcase name="checkMaxPlayerLimit" time="0.037" classname="com.qainfotech.tap.training.snl.api.NewTest"/>
  <testcase name="registerDuringGameInProgress" time="0.006" classname="com.qainfotech.tap.training.snl.api.NewTest">
    <error type="java.lang.ClassCastException" message="java.lang.String cannot be cast to java.util.UUID">
      <![CDATA[java.lang.ClassCastException: java.lang.String cannot be cast to java.util.UUID
	at com.qainfotech.tap.training.snl.api.NewTest.registerDuringGameInProgress(NewTest.java:62)
	at sun.reflect.NativeMethodAccessorImpl.invoke0(Native Method)
	at sun.reflect.NativeMethodAccessorImpl.invoke(NativeMethodAccessorImpl.java:62)
	at sun.reflect.DelegatingMethodAccessorImpl.invoke(DelegatingMethodAccessorImpl.java:43)
	at java.lang.reflect.Method.invoke(Method.java:498)
	at org.testng.internal.MethodInvocationHelper.invokeMethod(MethodInvocationHelper.java:104)
	at org.testng.internal.Invoker.invokeMethod(Invoker.java:645)
	at org.testng.internal.Invoker.invokeTestMethod(Invoker.java:851)
	at org.testng.internal.Invoker.invokeTestMethods(Invoker.java:1177)
	at org.testng.internal.TestMethodWorker.invokeTestMethods(TestMethodWorker.java:129)
	at org.testng.internal.TestMethodWorker.run(TestMethodWorker.java:112)
	at org.testng.TestRunner.privateRun(TestRunner.java:756)
	at org.testng.TestRunner.run(TestRunner.java:610)
	at org.testng.SuiteRunner.runTest(SuiteRunner.java:387)
	at org.testng.SuiteRunner.runSequentially(SuiteRunner.java:382)
	at org.testng.SuiteRunner.privateRun(SuiteRunner.java:340)
	at org.testng.SuiteRunner.run(SuiteRunner.java:289)
	at org.testng.SuiteRunnerWorker.runSuite(SuiteRunnerWorker.java:52)
	at org.testng.SuiteRunnerWorker.run(SuiteRunnerWorker.java:86)
	at org.testng.TestNG.runSuitesSequentially(TestNG.java:1293)
	at org.testng.TestNG.runSuitesLocally(TestNG.java:1218)
	at org.testng.TestNG.runSuites(TestNG.java:1133)
	at org.testng.TestNG.run(TestNG.java:1104)
	at org.testng.remote.AbstractRemoteTestNG.run(AbstractRemoteTestNG.java:114)
	at org.testng.remote.RemoteTestNG.initAndRun(RemoteTestNG.java:251)
	at org.testng.remote.RemoteTestNG.main(RemoteTestNG.java:77)
]]>
    </error>
  </testcase> <!-- registerDuringGameInProgress -->
</testsuite> <!-- com.qainfotech.tap.training.snl.api.NewTest -->
